Using pre-set license
Built from '2023.1/staging' branch; Version is '2023.1.0b4 (ca6fe2f8dde4) revision 13266914'; Using compiler version '192829333'; Build Type 'Release'
OS: 'Windows 10  (10.0.19045) 64bit Professional' Language: 'ru' Physical Memory: 32693 MB
BatchMode: 1, IsHumanControllingUs: 0, StartBugReporterOnCrash: 0, Is64bit: 1, IsPro: 1

COMMAND LINE ARGUMENTS:
P:\Program Files\Editor\2023.1.0b4\Editor\Unity.exe
-adb2
-batchMode
-noUpm
-name
AssetImportWorker7
-projectPath
F:/GitHub/Structural-Analysis/Structural Analysis
-logFile
Logs/AssetImportWorker7.log
-srvPort
54680
Successfully changed project path to: F:/GitHub/Structural-Analysis/Structural Analysis
F:/GitHub/Structural-Analysis/Structural Analysis
[UnityMemory] Configuration Parameters - Can be set up in boot.config
    "memorysetup-bucket-allocator-granularity=16"
    "memorysetup-bucket-allocator-bucket-count=8"
    "memorysetup-bucket-allocator-block-size=33554432"
    "memorysetup-bucket-allocator-block-count=8"
    "memorysetup-main-allocator-block-size=16777216"
    "memorysetup-thread-allocator-block-size=16777216"
    "memorysetup-gfx-main-allocator-block-size=16777216"
    "memorysetup-gfx-thread-allocator-block-size=16777216"
    "memorysetup-cache-allocator-block-size=4194304"
    "memorysetup-typetree-allocator-block-size=2097152"
    "memorysetup-profiler-bucket-allocator-granularity=16"
    "memorysetup-profiler-bucket-allocator-bucket-count=8"
    "memorysetup-profiler-bucket-allocator-block-size=33554432"
    "memorysetup-profiler-bucket-allocator-block-count=8"
    "memorysetup-profiler-allocator-block-size=16777216"
    "memorysetup-profiler-editor-allocator-block-size=1048576"
    "memorysetup-temp-allocator-size-main=16777216"
    "memorysetup-job-temp-allocator-block-size=2097152"
    "memorysetup-job-temp-allocator-block-size-background=1048576"
    "memorysetup-job-temp-allocator-reduction-small-platforms=262144"
    "memorysetup-temp-allocator-size-background-worker=32768"
    "memorysetup-temp-allocator-size-job-worker=262144"
    "memorysetup-temp-allocator-size-preload-manager=33554432"
    "memorysetup-temp-allocator-size-nav-mesh-worker=65536"
    "memorysetup-temp-allocator-size-audio-worker=65536"
    "memorysetup-temp-allocator-size-cloud-worker=32768"
    "memorysetup-temp-allocator-size-gi-baking-worker=262144"
    "memorysetup-temp-allocator-size-gfx=262144"
Player connection [7892] Host "[IP] 192.168.1.145 [Port] 0 [Flags] 2 [Guid] 3544509981 [EditorId] 3544509981 [Version] 1048832 [Id] WindowsEditor(7,PC) [Debug] 1 [PackageName] WindowsEditor [ProjectName] Editor" joined multi-casting on [225.0.0.222:54997]...

Player connection [7892] Host "[IP] 192.168.1.145 [Port] 0 [Flags] 2 [Guid] 3544509981 [EditorId] 3544509981 [Version] 1048832 [Id] WindowsEditor(7,PC) [Debug] 1 [PackageName] WindowsEditor [ProjectName] Editor" joined alternative multi-casting on [225.0.0.222:34997]...

Library Redirect Path: Library/Refreshing native plugins compatible for Editor in 10.92 ms, found 3 plugins.
Preloading 0 native plugins for Editor in 0.00 ms.
Initialize engine version: 2023.1.0b4 (ca6fe2f8dde4)
[Subsystems] Discovering subsystems at path P:/Program Files/Editor/2023.1.0b4/Editor/Data/Resources/UnitySubsystems
[Subsystems] Discovering subsystems at path F:/GitHub/Structural-Analysis/Structural Analysis/Assets
GfxDevice: creating device client; threaded=0; jobified=0
Direct3D:
    Version:  Direct3D 11.0 [level 11.1]
    Renderer: NVIDIA GeForce GTX 1050 Ti (ID=0x1c82)
    Vendor:   NVIDIA
    VRAM:     4004 MB
    Driver:   32.0.15.6094
Initialize mono
Mono path[0] = 'P:/Program Files/Editor/2023.1.0b4/Editor/Data/Managed'
Mono path[1] = 'P:/Program Files/Editor/2023.1.0b4/Editor/Data/MonoBleedingEdge/lib/mono/unityjit-win32'
Mono config path = 'P:/Program Files/Editor/2023.1.0b4/Editor/Data/MonoBleedingEdge/etc'
Using monoOptions --debugger-agent=transport=dt_socket,embedding=1,server=y,suspend=n,address=127.0.0.1:56572
Begin MonoManager ReloadAssembly
C:\build\output\Unity-Technologies\mono\mono\metadata\icall.c:1842:
C:\build\output\Unity-Technologies\mono\mono\metadata\icall.c:1842:
C:\build\output\Unity-Technologies\mono\mono\metadata\icall.c:1842:
C:\build\output\Unity-Technologies\mono\mono\metadata\icall.c:1842:
C:\build\output\Unity-Technologies\mono\mono\metadata\icall.c:1842:
C:\build\output\Unity-Technologies\mono\mono\metadata\icall.c:1842:
C:\build\output\Unity-Technologies\mono\mono\metadata\icall.c:1842:
C:\build\output\Unity-Technologies\mono\mono\metadata\icall.c:1842:
C:\build\output\Unity-Technologies\mono\mono\metadata\icall.c:1842:
C:\build\output\Unity-Technologies\mono\mono\metadata\icall.c:1842:
Registering precompiled unity dll's ...
Register platform support module: P:/Program Files/Editor/2023.1.0b4/Editor/Data/PlaybackEngines/WindowsStandaloneSupport/UnityEditor.WindowsStandalone.Extensions.dll
Registered in 0.001640 seconds.
- Loaded All Assemblies, in  0.312 seconds
Native extension for WindowsStandalone target not found
Mono: successfully reloaded assembly
C:\build\output\Unity-Technologies\mono\mono\metadata\icall.c:1842:
C:\build\output\Unity-Technologies\mono\mono\metadata\icall.c:1842:
- Finished resetting the current domain, in  0.256 seconds
Domain Reload Profiling: 568ms
	BeginReloadAssembly (91ms)
		ExecutionOrderSort (0ms)
		DisableScriptedObjects (0ms)
		BackupInstance (0ms)
		ReleaseScriptingObjects (0ms)
		CreateAndSetChildDomain (1ms)
	RebuildCommonClasses (36ms)
	RebuildNativeTypeToScriptingClass (11ms)
	initialDomainReloadingComplete (46ms)
	LoadAllAssembliesAndSetupDomain (127ms)
		LoadAssemblies (90ms)
		RebuildTransferFunctionScriptingTraits (0ms)
		AnalyzeDomain (125ms)
			TypeCache.Refresh (124ms)
				TypeCache.ScanAssembly (115ms)
			ScanForSourceGeneratedMonoScriptInfo (0ms)
			ResolveRequiredComponents (0ms)
	FinalizeReload (257ms)
		ReleaseScriptCaches (0ms)
		RebuildScriptCaches (0ms)
		SetupLoadedEditorAssemblies (216ms)
			LogAssemblyErrors (0ms)
			InitializePlatformSupportModulesInManaged (7ms)
			SetLoadedEditorAssemblies (5ms)
			BeforeProcessingInitializeOnLoad (6ms)
			ProcessInitializeOnLoadAttributes (152ms)
			ProcessInitializeOnLoadMethodAttributes (46ms)
			AfterProcessingInitializeOnLoad (0ms)
			EditorAssembliesLoaded (0ms)
		ExecutionOrderSort2 (0ms)
		AwakeInstancesAfterBackupRestoration (0ms)
========================================================================
Worker process is ready to serve import requests
Import Worker Mode flag is 0x00
Begin MonoManager ReloadAssembly
C:\build\output\Unity-Technologies\mono\mono\metadata\icall.c:1842:
C:\build\output\Unity-Technologies\mono\mono\metadata\icall.c:1842:
C:\build\output\Unity-Technologies\mono\mono\metadata\icall.c:1842:
C:\build\output\Unity-Technologies\mono\mono\metadata\icall.c:1842:
C:\build\output\Unity-Technologies\mono\mono\metadata\icall.c:1842:
C:\build\output\Unity-Technologies\mono\mono\metadata\icall.c:1842:
C:\build\output\Unity-Technologies\mono\mono\metadata\icall.c:1842:
C:\build\output\Unity-Technologies\mono\mono\metadata\icall.c:1842:
C:\build\output\Unity-Technologies\mono\mono\metadata\icall.c:1842:
C:\build\output\Unity-Technologies\mono\mono\metadata\icall.c:1842:
C:\build\output\Unity-Technologies\mono\mono\metadata\icall.c:1842:
C:\build\output\Unity-Technologies\mono\mono\metadata\icall.c:1842:
- Loaded All Assemblies, in  0.854 seconds
Refreshing native plugins compatible for Editor in 2.89 ms, found 3 plugins.
Native extension for WindowsStandalone target not found
Mono: successfully reloaded assembly
- Finished resetting the current domain, in  0.597 seconds
Domain Reload Profiling: 1450ms
	BeginReloadAssembly (239ms)
		ExecutionOrderSort (0ms)
		DisableScriptedObjects (5ms)
		BackupInstance (0ms)
		ReleaseScriptingObjects (0ms)
		CreateAndSetChildDomain (28ms)
	RebuildCommonClasses (32ms)
	RebuildNativeTypeToScriptingClass (11ms)
	initialDomainReloadingComplete (38ms)
	LoadAllAssembliesAndSetupDomain (532ms)
		LoadAssemblies (253ms)
		RebuildTransferFunctionScriptingTraits (0ms)
		AnalyzeDomain (350ms)
			TypeCache.Refresh (252ms)
				TypeCache.ScanAssembly (239ms)
			ScanForSourceGeneratedMonoScriptInfo (94ms)
			ResolveRequiredComponents (3ms)
	FinalizeReload (597ms)
		ReleaseScriptCaches (0ms)
		RebuildScriptCaches (0ms)
		SetupLoadedEditorAssemblies (421ms)
			LogAssemblyErrors (0ms)
			InitializePlatformSupportModulesInManaged (5ms)
			SetLoadedEditorAssemblies (4ms)
			BeforeProcessingInitializeOnLoad (99ms)
			ProcessInitializeOnLoadAttributes (278ms)
			ProcessInitializeOnLoadMethodAttributes (32ms)
			AfterProcessingInitializeOnLoad (2ms)
			EditorAssembliesLoaded (0ms)
		ExecutionOrderSort2 (0ms)
		AwakeInstancesAfterBackupRestoration (5ms)
Launched and connected shader compiler UnityShaderCompiler.exe after 0.02 seconds
Refreshing native plugins compatible for Editor in 2.92 ms, found 3 plugins.
Preloading 0 native plugins for Editor in 0.00 ms.
Unloading 2878 Unused Serialized files (Serialized files now loaded: 0)
Unloading 58 unused Assets / (68.9 KB). Loaded Objects now: 3395.
Memory consumption went from 128.4 MB to 128.4 MB.
Total: 3.992200 ms (FindLiveObjects: 0.192500 ms CreateObjectMapping: 0.078100 ms MarkObjects: 3.581200 ms  DeleteObjects: 0.139400 ms)

AssetImportParameters requested are different than current active one (requested -> active):
  custom:container-demuxer-ogg: 62fdf1f143b41e24485cea50d1cbac27 -> 
  custom:BP/SpriteDependencyVersion/b9c5fedc997f125448c4d8be2fc43bcd/21300000: c7807eef032dbe46233e05e1a77a2f21 -> 
  custom:framework-win-MediaFoundation: 216162199b28c13a410421893ffa2e32 -> 
  custom:video-decoder-webm-vp8: 9c59270c3fd7afecdb556c50c9e8de78 -> 
  custom:BP/SpriteDependencyVersion/d6beaeac8de2af749a48581db778df3e/21300000: c7807eef032dbe46233e05e1a77a2f21 -> 
  custom:BP/SpriteDependencyVersion/c1e1f7ef76f59f54bbde5162f2709794/21300000: c7807eef032dbe46233e05e1a77a2f21 -> 
  custom:audio-encoder-webm-vorbis: bf7c407c2cedff20999df2af8eb42d56 -> 
  custom:BP/SpriteDependencyVersion/90bee1ddeeef38a4f860f96b5510c136/21300000: c7807eef032dbe46233e05e1a77a2f21 -> 
  custom:BP/SpriteDependencyVersion/6ff773ea42aedd04c8bb96a1fe9a73b8/21300000: c7807eef032dbe46233e05e1a77a2f21 -> 
  custom:video-decoder-ogg-theora: a1e56fd34408186e4bbccfd4996cb3dc -> 
  custom:BP/SpriteDependencyVersion/89f87b95a0cf73b4484ab74fe3f9ea26/21300000: c7807eef032dbe46233e05e1a77a2f21 -> 
  custom:BP/SpriteDependencyVersion/ac5741fcd06d2ce45b9ae2ce9df3c4a1/21300000: c7807eef032dbe46233e05e1a77a2f21 -> 
  custom:BP/SpriteDependencyVersion/3b2a773e413d3e84f8c7c757734af584/21300000: c7807eef032dbe46233e05e1a77a2f21 -> 
  custom:BP/SpriteDependencyVersion/81da6e5b6342f8f47a5a3a24221306c6/21300000: c7807eef032dbe46233e05e1a77a2f21 -> 
  custom:BP/SpriteDependencyVersion/30a2566f94f937b4998542121050e68b/21300000: c7807eef032dbe46233e05e1a77a2f21 -> 
  custom:BP/SpriteDependencyVersion/2c46fa192de46b04e8281f225bee0230/21300000: c7807eef032dbe46233e05e1a77a2f21 -> 
  custom:BP/SpriteDependencyVersion/4924b77159e651e4aaa9a22286725d94/21300000: c7807eef032dbe46233e05e1a77a2f21 -> 
  custom:BP/SpriteDependencyVersion/f668f62689b67d242ad33ff665594344/21300000: c7807eef032dbe46233e05e1a77a2f21 -> 
  custom:BP/SpriteDependencyVersion/130f660889a70c947bff4c8ba8a2c73e/21300000: c7807eef032dbe46233e05e1a77a2f21 -> 
  custom:BP/SpriteDependencyVersion/d06b8cf70dff2fe418249a6276f9ff70/21300000: c7807eef032dbe46233e05e1a77a2f21 -> 
  custom:container-muxer-webm: aa71ff27fc2769a1b78a27578f13a17b -> 
  custom:AudioImporter_EditorPlatform: d09bf68614088b80899f8185d706f6e7 -> 
  custom:BP/SpriteDependencyVersion/f73f38102c749484bbd884d4d8d87440/21300000: c7807eef032dbe46233e05e1a77a2f21 -> 
  custom:BP/SpriteDependencyVersion/53a62df1d392a10498ec79719f8eef1f/21300000: c7807eef032dbe46233e05e1a77a2f21 -> 
  custom:audio-decoder-ogg-vorbis: bf7c407c2cedff20999df2af8eb42d56 -> 
  custom:BP/SpriteDependencyVersion/27947666271b231439b4409a81cb5d59/21300000: c7807eef032dbe46233e05e1a77a2f21 -> 
  custom:container-demuxer-webm: 4f35f7cbe854078d1ac9338744f61a02 -> 
  custom:BP/SpriteDependencyVersion/93482309cf79cef4a9ed8464c560334b/21300000: c7807eef032dbe46233e05e1a77a2f21 -> 
  custom:BP/SpriteDependencyVersion/3eb0ab0fddc930a498bef8ce7e149ea0/21300000: c7807eef032dbe46233e05e1a77a2f21 -> 
  custom:BP/SpriteDependencyVersion/01b10cc2da49f7442ba6525072e1f86a/21300000: c7807eef032dbe46233e05e1a77a2f21 -> 
  custom:BP/SpriteDependencyVersion/285f1e681b119ce48ae469448241360b/21300000: c7807eef032dbe46233e05e1a77a2f21 -> 
  custom:video-encoder-webm-vp8: eb34c28f22e8b96e1ab97ce403110664 -> 
  custom:BP/SpriteDependencyVersion/293ea6a99c4ba134cae49556942ee0ff/21300000: c7807eef032dbe46233e05e1a77a2f21 -> 
Editor requested this worker to shutdown with reason: Scaling down because of idle timeout
AssetImportWorker is now disconnected from the server
Process exiting
Exiting without the bug reporter. Application will terminate with return code 0