
=== Sun Apr 10 20:11:22 2022

Packages were changed.
Update Mode: mergeDefaultDependencies

The following packages were added:
  com.unity.collab-proxy@1.14.13
  com.unity.ide.rider@1.2.1
  com.unity.ide.visualstudio@2.0.14
  com.unity.ide.vscode@1.2.5
  com.unity.modules.ai@1.0.0
  com.unity.modules.androidjni@1.0.0
  com.unity.modules.animation@1.0.0
  com.unity.modules.assetbundle@1.0.0
  com.unity.modules.audio@1.0.0
  com.unity.modules.cloth@1.0.0
  com.unity.modules.director@1.0.0
  com.unity.modules.imageconversion@1.0.0
  com.unity.modules.imgui@1.0.0
  com.unity.modules.jsonserialize@1.0.0
  com.unity.modules.particlesystem@1.0.0
  com.unity.modules.physics@1.0.0
  com.unity.modules.physics2d@1.0.0
  com.unity.modules.screencapture@1.0.0
  com.unity.modules.terrain@1.0.0
  com.unity.modules.terrainphysics@1.0.0
  com.unity.modules.tilemap@1.0.0
  com.unity.modules.ui@1.0.0
  com.unity.modules.uielements@1.0.0
  com.unity.modules.umbra@1.0.0
  com.unity.modules.unityanalytics@1.0.0
  com.unity.modules.unitywebrequest@1.0.0
  com.unity.modules.unitywebrequestassetbundle@1.0.0
  com.unity.modules.unitywebrequestaudio@1.0.0
  com.unity.modules.unitywebrequesttexture@1.0.0
  com.unity.modules.unitywebrequestwww@1.0.0
  com.unity.modules.vehicles@1.0.0
  com.unity.modules.video@1.0.0
  com.unity.modules.vr@1.0.0
  com.unity.modules.wind@1.0.0
  com.unity.modules.xr@1.0.0
  com.unity.test-framework@1.1.31
  com.unity.textmeshpro@2.1.6
  com.unity.timeline@1.2.18
  com.unity.ugui@1.0.0
The following packages were updated:
  com.unity.2d.animation from version 3.2.4 to 3.2.16
  com.unity.2d.pixel-perfect from version 2.0.4 to 2.1.0
  com.unity.2d.psdimporter from version 2.1.5 to 2.1.10
  com.unity.2d.spriteshape from version 3.0.13 to 3.0.18

=== Sat Mar 25 19:40:01 2023

Packages were changed.
Update Mode: updateDependencies

The following packages were updated:
  com.unity.2d.animation from version 3.2.16 to 7.0.8
  com.unity.2d.pixel-perfect from version 2.1.0 to 5.0.1
  com.unity.2d.psdimporter from version 2.1.10 to 6.0.6
  com.unity.2d.spriteshape from version 3.0.18 to 7.0.6
  com.unity.collab-proxy from version 1.14.13 to 1.17.6
  com.unity.ide.rider from version 1.2.1 to 3.0.15
  com.unity.ide.visualstudio from version 2.0.14 to 2.0.16
  com.unity.textmeshpro from version 2.1.6 to 3.0.6
  com.unity.timeline from version 1.2.18 to 1.6.4

=== Sat Oct 21 13:57:30 2023

Packages were changed.
Update Mode: updateDependencies

The following packages were added:
  com.unity.ai.navigation@1.1.1
The following packages were updated:
  com.unity.2d.animation from version 7.0.8 to 10.0.0-pre.2
  com.unity.2d.pixel-perfect from version 5.0.1 to 5.0.3
  com.unity.2d.psdimporter from version 6.0.6 to 9.0.0-pre.2
  com.unity.2d.spriteshape from version 7.0.6 to 10.0.0-pre.2
  com.unity.ide.rider from version 3.0.15 to 3.0.18
  com.unity.ide.visualstudio from version 2.0.16 to 2.0.17
  com.unity.test-framework from version 1.1.31 to 1.3.2
  com.unity.timeline from version 1.6.4 to 1.8.0

=== Thu Feb 12 17:04:04 2026

Packages were changed.
Update Mode: updateDependencies

The following packages were added:
  com.unity.modules.adaptiveperformance@1.0.0
  com.unity.modules.vectorgraphics@1.0.0
  com.unity.modules.accessibility@1.0.0
  com.unity.multiplayer.center@1.0.0
The following packages were updated:
  com.unity.2d.animation from version 10.0.0-pre.2 to 13.0.0
  com.unity.2d.pixel-perfect from version 5.0.3 to 5.1.1
  com.unity.2d.psdimporter from version 9.0.0-pre.2 to 12.0.0
  com.unity.2d.spriteshape from version 10.0.0-pre.2 to 13.0.0
  com.unity.ai.navigation from version 1.1.1 to 2.0.9
  com.unity.collab-proxy from version 1.17.6 to 2.9.3
  com.unity.ide.rider from version 3.0.18 to 3.0.37
  com.unity.ide.visualstudio from version 2.0.17 to 2.0.23
  com.unity.test-framework from version 1.3.2 to 1.6.0
  com.unity.timeline from version 1.8.0 to 1.8.9
  com.unity.ugui from version 1.0.0 to 2.0.0
The following packages were removed:
  com.unity.textmeshpro@3.0.6
